2023-10-15 17:58:29.385 - DBeaver 23.2.0.202309041200 is starting
2023-10-15 17:58:29.386 - OS: Windows 11 10.0 (amd64)
2023-10-15 17:58:29.386 - Java version: 17.0.6 by Eclipse Adoptium (64bit)
2023-10-15 17:58:29.386 - Install path: 'C:\SpringBoot_dds\resource\dbeaver'
2023-10-15 17:58:29.387 - Instance path: 'file:/C:/SpringBoot_dds/workspace/'
2023-10-15 17:58:29.387 - Memory available 64Mb/1024Mb
2023-10-15 17:58:29.417 - Create display
2023-10-15 17:58:29.618 - Initializing DBeaver 23.2.0
2023-10-15 17:58:29.619 - Host plugin: org.jkiss.dbeaver.ui.app.standalone 23.2.0.202309041200
2023-10-15 17:58:29.620 - Initialize desktop platform...
2023-10-15 17:58:29.885 - BounceCastle bundle found. Use JCE provider BC
> Start Core File Systems [org.eclipse.core.filesystem 1.10.0.v20230425-0513]
> Start Core Resource Management [org.eclipse.core.resources 3.19.0.v20230510-1240]
> Start 팀 지원 핵심 [org.eclipse.team.core 3.10.0.v20230317-0901]
> Start DBeaver UI Navigator [org.jkiss.dbeaver.ui.navigator 1.0.113.202309041200]
2023-10-15 17:58:30.546 - Initialize base platform...
2023-10-15 17:58:30.589 - Platform initialized (969ms)
> Start DBeaver UI Editors - Base [org.jkiss.dbeaver.ui.editors.base 1.0.113.202309041200]
REQUEST: {"payload":1697360310810}
2023-10-15 17:58:30.881 - Error accessing instance server: java.net.ConnectException
2023-10-15 17:58:30.894 - Starting instance server at http://localhost:50570
2023-10-15 17:58:30.945 - Run workbench
> Start DBeaver UI [org.jkiss.dbeaver.ui 5.1.128.202309041200]
> Start Eclipse e4 작업영역 SWT [org.eclipse.e4.ui.workbench.swt 0.17.0.v20230501-1823]
> Start Eclipse Application Services [org.eclipse.e4.core.services 2.4.0.v20230429-1914]
> Start Eclipse UI Application Services [org.eclipse.e4.ui.services 1.6.0.v20230501-1823]
> Start Eclipse e4 Progress View [org.eclipse.e4.ui.progress 0.4.0.v20230501-1823]
> Start Eclipse Bindings Support [org.eclipse.e4.ui.bindings 0.14.0.v20230501-1823]
> Start Eclipse e4 core commands [org.eclipse.e4.core.commands 1.1.0.v20230501-1823]
> Start EMF XML/XMI Persistence [org.eclipse.emf.ecore.xmi 2.18.0.v20230211-1150]
> Start Eclipse CSS SWT Theme Support [org.eclipse.e4.ui.css.swt.theme 0.14.0.v20230501-1533]
> Start Eclipse e4 작업영역 기능 추가 [org.eclipse.e4.ui.workbench.addons.swt 1.5.0.v20230501-1823]
> Start Eclipse e4 작업영역 SWT 렌더러 [org.eclipse.e4.ui.workbench.renderers.swt 0.16.0.v20230525-0648]
> Start Eclipse Dependency Injection Extensions [org.eclipse.e4.core.di.extensions 0.18.0.v20230429-1914]
> Start Eclipse CSS SWT Support [org.eclipse.e4.ui.css.swt 0.15.0.v20230317-0802]
Warning: NLS unused message: BlockedJobsDialog_UserInterfaceTreeElement in: org.eclipse.ui.internal.progress.messages
2023-10-15 17:58:44.775 - Configure workbench window
> Start DBeaver SQL Model [org.jkiss.dbeaver.model.sql 1.0.103.202309041200]
2023-10-15 17:58:44.928 - Total database drivers: 106 (106)
> Start 도움말 시스템 코어 [org.eclipse.help 3.10.0.v20230317-0802]
2023-10-15 17:58:45.082 - Create actions
2023-10-15 17:58:45.086 - Disable Eclipse action set 'org.eclipse.ui.edit.text.actionSet.annotationNavigation'
2023-10-15 17:58:45.087 - Disable Eclipse action set 'org.eclipse.ui.WorkingSetActionSet'
2023-10-15 17:58:45.087 - Disable Eclipse action set 'org.eclipse.ui.actionSet.openFiles'
2023-10-15 17:58:45.529 - Initialize workbench window
2023-10-15 17:58:45.534 - Finish initialization
> Start 기본 문서 편집기 [org.eclipse.ui.editors 3.16.0.v20230329-1609]
> Start 텍스트 편집기 프레임워크 [org.eclipse.ui.workbench.texteditor 3.17.0.v20230316-1200]
> Start DBeaver UI Editors - Data [org.jkiss.dbeaver.ui.editors.data 1.0.113.202309041200]
Warning: NLS unused message: actions_navigator__objects in: org.jkiss.dbeaver.ui.editors.sql.internal.SQLEditorMessages
> Start DBeaver UI Editors - SQL [org.jkiss.dbeaver.ui.editors.sql 1.0.113.202309041200]
> Start DBeaver SQL Terminal [org.jkiss.dbeaver.ui.editors.sql.terminal 1.0.89.202309041200]
> Start 핵심 비교 지원 [org.eclipse.compare.core 3.8.0.v20230517-1315]
> Start jna [com.sun.jna 5.13.0]
> Start 인터넷 연결 관리 사용자 인터페이스 [org.eclipse.ui.net 1.5.0.v20230317-0901]
> Start Internet Connection Management [org.eclipse.core.net 1.5.0.v20230317-0901]
> Start DBeaver Sample Database [org.jkiss.dbeaver.ext.sample.database 1.0.150.202309041200]
> Start DBeaver Tip of the day [org.jkiss.dbeaver.ext.ui.tipoftheday 1.0.119.202309041200]
> Start GEF Classic Draw2d [org.eclipse.draw2d 3.13.0.202306071707]
> Start GEF Classic GEF (MVC) [org.eclipse.gef 3.14.0.202306071707]
> Start DBeaver ERD UI [org.jkiss.dbeaver.erd.ui 3.0.73.202309041200]
> Start DBeaver ERD Model [org.jkiss.dbeaver.erd.model 1.0.73.202309041200]
> Start 콘솔 [org.eclipse.ui.console 3.12.0.v20230317-0802]
Warning: NLS unused message: InputStreamMonitor_label in: org.eclipse.debug.internal.core.DebugCoreMessages
Warning: NLS unused message: OutputStreamMonitor_label in: org.eclipse.debug.internal.core.DebugCoreMessages
> Start 디버그 핵심 [org.eclipse.debug.core 3.21.0.v20230508-1538]
2023-10-15 17:58:48.716 - Connect with 'localhost' (oracle_thin-18b149cf68e-a4f4f856d0cd679)
> Start DBeaver JDBC Model [org.jkiss.dbeaver.model.jdbc 1.0.6.202309041200]
> Start DBeaver Oracle Model [org.jkiss.dbeaver.ext.oracle 2.1.198.202309041200]
2023-10-15 17:58:48.755 - Execution context opened (localhost; Main; 0)
2023-10-15 17:58:49.120 - Execution context opened (localhost; Metadata; 1)
2023-10-15 17:58:49.237 - Connected (oracle_thin-18b149cf68e-a4f4f856d0cd679, Oracle JDBC driver [11.2.0.2.0])
2023-10-15 17:58:49.360 - Execution context opened (localhost; SQLEditor <mybatis.sql>; 2)
> Start DBeaver Tasks - Native Tools UI [org.jkiss.dbeaver.tasks.native.ui 1.0.91.202309041200]
> Start DBeaver Oracle UI [org.jkiss.dbeaver.ext.oracle.ui 1.0.100.202309041200]
> Start DBeaver Tasks - General UI [org.jkiss.dbeaver.tasks.ui 1.0.91.202309041200]
2023-10-15 17:58:50.597 - Open [https://dbeaver.io/product/version.xml]
2023-10-15 17:59:07.559 - Execution context opened (localhost; SQLEditor <Script.sql>; 3)
> Start DBeaver SQL Language Semantic Model [org.jkiss.dbeaver.model.lsm 1.0.8.202309041200]
2023-10-15 18:07:52.555 - SQL Error [900] [42000]: ORA-00900: invalid SQL statement

org.jkiss.dbeaver.model.sql.DBSQLException: SQL Error [900] [42000]: ORA-00900: invalid SQL statement

	at org.jkiss.dbeaver.model.impl.jdbc.exec.JDBCStatementImpl.executeStatement(JDBCStatementImpl.java:133)
	at org.jkiss.dbeaver.ui.editors.sql.execute.SQLQueryJob.executeStatement(SQLQueryJob.java:582)
	at org.jkiss.dbeaver.ui.editors.sql.execute.SQLQueryJob.lambda$1(SQLQueryJob.java:491)
	at org.jkiss.dbeaver.model.exec.DBExecUtils.tryExecuteRecover(DBExecUtils.java:190)
	at org.jkiss.dbeaver.ui.editors.sql.execute.SQLQueryJob.executeSingleQuery(SQLQueryJob.java:498)
	at org.jkiss.dbeaver.ui.editors.sql.execute.SQLQueryJob.extractData(SQLQueryJob.java:934)
	at org.jkiss.dbeaver.ui.editors.sql.SQLEditor$QueryResultsContainer.readData(SQLEditor.java:3940)
	at org.jkiss.dbeaver.ui.controls.resultset.ResultSetJobDataRead.lambda$0(ResultSetJobDataRead.java:123)
	at org.jkiss.dbeaver.model.exec.DBExecUtils.tryExecuteRecover(DBExecUtils.java:190)
	at org.jkiss.dbeaver.ui.controls.resultset.ResultSetJobDataRead.run(ResultSetJobDataRead.java:121)
	at org.jkiss.dbeaver.ui.controls.resultset.ResultSetViewer$ResultSetDataPumpJob.run(ResultSetViewer.java:5142)
	at org.jkiss.dbeaver.model.runtime.AbstractJob.run(AbstractJob.java:105)
	at org.eclipse.core.internal.jobs.Worker.run(Worker.java:63)
Caused by: java.sql.SQLSyntaxErrorException: ORA-00900: invalid SQL statement

	at oracle.jdbc.driver.T4CTTIoer.processError(T4CTTIoer.java:440)
	at oracle.jdbc.driver.T4CTTIoer.processError(T4CTTIoer.java:396)
	at oracle.jdbc.driver.T4C8Oall.processError(T4C8Oall.java:837)
	at oracle.jdbc.driver.T4CTTIfun.receive(T4CTTIfun.java:445)
	at oracle.jdbc.driver.T4CTTIfun.doRPC(T4CTTIfun.java:191)
	at oracle.jdbc.driver.T4C8Oall.doOALL(T4C8Oall.java:523)
	at oracle.jdbc.driver.T4CStatement.doOall8(T4CStatement.java:193)
	at oracle.jdbc.driver.T4CStatement.executeForRows(T4CStatement.java:999)
	at oracle.jdbc.driver.OracleStatement.doExecuteWithTimeout(OracleStatement.java:1315)
	at oracle.jdbc.driver.OracleStatement.executeInternal(OracleStatement.java:1890)
	at oracle.jdbc.driver.OracleStatement.execute(OracleStatement.java:1855)
	at oracle.jdbc.driver.OracleStatementWrapper.execute(OracleStatementWrapper.java:304)
	at org.jkiss.dbeaver.model.impl.jdbc.exec.JDBCStatementImpl.execute(JDBCStatementImpl.java:330)
	at org.jkiss.dbeaver.model.impl.jdbc.exec.JDBCStatementImpl.executeStatement(JDBCStatementImpl.java:131)
	... 12 more
2023-10-15 18:07:52.689 - Error binding callable statement parameters from metadata: 지원되지 않는 기능입니다
2023-10-15 18:07:52.689 - Error obtaining output parameters from metadata: 지원되지 않는 기능입니다
2023-10-15 18:07:52.689 - Can't obtain procedure metadata nor jdbc metadata
2023-10-15 18:10:33.284 - SQL Error [900] [42000]: ORA-00900: invalid SQL statement

org.jkiss.dbeaver.model.sql.DBSQLException: SQL Error [900] [42000]: ORA-00900: invalid SQL statement

	at org.jkiss.dbeaver.model.impl.jdbc.exec.JDBCStatementImpl.executeStatement(JDBCStatementImpl.java:133)
	at org.jkiss.dbeaver.ui.editors.sql.execute.SQLQueryJob.executeStatement(SQLQueryJob.java:582)
	at org.jkiss.dbeaver.ui.editors.sql.execute.SQLQueryJob.lambda$1(SQLQueryJob.java:491)
	at org.jkiss.dbeaver.model.exec.DBExecUtils.tryExecuteRecover(DBExecUtils.java:190)
	at org.jkiss.dbeaver.ui.editors.sql.execute.SQLQueryJob.executeSingleQuery(SQLQueryJob.java:498)
	at org.jkiss.dbeaver.ui.editors.sql.execute.SQLQueryJob.extractData(SQLQueryJob.java:934)
	at org.jkiss.dbeaver.ui.editors.sql.SQLEditor$QueryResultsContainer.readData(SQLEditor.java:3940)
	at org.jkiss.dbeaver.ui.controls.resultset.ResultSetJobDataRead.lambda$0(ResultSetJobDataRead.java:123)
	at org.jkiss.dbeaver.model.exec.DBExecUtils.tryExecuteRecover(DBExecUtils.java:190)
	at org.jkiss.dbeaver.ui.controls.resultset.ResultSetJobDataRead.run(ResultSetJobDataRead.java:121)
	at org.jkiss.dbeaver.ui.controls.resultset.ResultSetViewer$ResultSetDataPumpJob.run(ResultSetViewer.java:5142)
	at org.jkiss.dbeaver.model.runtime.AbstractJob.run(AbstractJob.java:105)
	at org.eclipse.core.internal.jobs.Worker.run(Worker.java:63)
Caused by: java.sql.SQLSyntaxErrorException: ORA-00900: invalid SQL statement

	at oracle.jdbc.driver.T4CTTIoer.processError(T4CTTIoer.java:440)
	at oracle.jdbc.driver.T4CTTIoer.processError(T4CTTIoer.java:396)
	at oracle.jdbc.driver.T4C8Oall.processError(T4C8Oall.java:837)
	at oracle.jdbc.driver.T4CTTIfun.receive(T4CTTIfun.java:445)
	at oracle.jdbc.driver.T4CTTIfun.doRPC(T4CTTIfun.java:191)
	at oracle.jdbc.driver.T4C8Oall.doOALL(T4C8Oall.java:523)
	at oracle.jdbc.driver.T4CStatement.doOall8(T4CStatement.java:193)
	at oracle.jdbc.driver.T4CStatement.executeForRows(T4CStatement.java:999)
	at oracle.jdbc.driver.OracleStatement.doExecuteWithTimeout(OracleStatement.java:1315)
	at oracle.jdbc.driver.OracleStatement.executeInternal(OracleStatement.java:1890)
	at oracle.jdbc.driver.OracleStatement.execute(OracleStatement.java:1855)
	at oracle.jdbc.driver.OracleStatementWrapper.execute(OracleStatementWrapper.java:304)
	at org.jkiss.dbeaver.model.impl.jdbc.exec.JDBCStatementImpl.execute(JDBCStatementImpl.java:330)
	at org.jkiss.dbeaver.model.impl.jdbc.exec.JDBCStatementImpl.executeStatement(JDBCStatementImpl.java:131)
	... 12 more
2023-10-15 18:10:33.400 - Error binding callable statement parameters from metadata: 지원되지 않는 기능입니다
2023-10-15 18:10:33.400 - Error obtaining output parameters from metadata: 지원되지 않는 기능입니다
2023-10-15 18:10:33.400 - Can't obtain procedure metadata nor jdbc metadata
2023-10-15 18:13:47.029 - Execution context opened (localhost; SQLEditor <Script.sql>; 4)
2023-10-15 18:14:03.157 - Delete empty SQL script '\mybatis\Scripts\product.sql'
2023-10-15 18:14:03.208 - Execution context closed (localhost, 3)
2023-10-15 18:14:06.587 - Execution context closed (localhost, 4)
2023-10-15 18:14:09.948 - Execution context opened (localhost; SQLEditor <Script.sql>; 5)
2023-10-15 18:14:44.160 - Error resolving object
org.jkiss.dbeaver.DBException: TABLE 'TBL_ORDER' not found in schema 'HR'
	at org.jkiss.dbeaver.ext.oracle.model.OracleStructureAssistant$2.resolveObject(OracleStructureAssistant.java:334)
	at org.jkiss.dbeaver.ui.editors.sql.dialogs.SuggestionInformationControl$1.run(SuggestionInformationControl.java:130)
	at org.jkiss.dbeaver.model.runtime.AbstractJob.run(AbstractJob.java:105)
	at org.eclipse.core.internal.jobs.Worker.run(Worker.java:63)
2023-10-15 18:15:27.615 - Can't parse numeric value [CREATE TABLE TBL_ORDER(
	ORDER_ID NUMBER CONSTRAINT PK_ORDER PRIMARY KEY,
	PRODUCT_ID NUMBER NOT NULL,
	PRODUCT_COUNT NUMBER DEFAULT 1,
	ORDER_DATE DATE DEFAULT SYSDATE,
	CONSTRAINT FK_ORDER_PRODUCT FOREIGN KEY(PRODUCT_ID)
	REFERENCES TBL_PRODUCT(PRODUCT_ID)
);
] using formatter: Character array is missing "e" notation exponential mark.
2023-10-15 18:15:27.616 - Can't parse numeric value [CREATE TABLE TBL_ORDER(
	ORDER_ID NUMBER CONSTRAINT PK_ORDER PRIMARY KEY,
	PRODUCT_ID NUMBER NOT NULL,
	PRODUCT_COUNT NUMBER DEFAULT 1,
	ORDER_DATE DATE DEFAULT SYSDATE,
	CONSTRAINT FK_ORDER_PRODUCT FOREIGN KEY(PRODUCT_ID)
	REFERENCES TBL_PRODUCT(PRODUCT_ID)
);
] using formatter: Character array is missing "e" notation exponential mark.
2023-10-15 18:15:27.622 - Can't parse numeric value [CREATE TABLE TBL_ORDER(
	ORDER_ID NUMBER CONSTRAINT PK_ORDER PRIMARY KEY,
	PRODUCT_ID NUMBER NOT NULL,
	PRODUCT_COUNT NUMBER DEFAULT 1,
	ORDER_DATE DATE DEFAULT SYSDATE,
	CONSTRAINT FK_ORDER_PRODUCT FOREIGN KEY(PRODUCT_ID)
	REFERENCES TBL_PRODUCT(PRODUCT_ID)
);
] using formatter: Character array is missing "e" notation exponential mark.
2023-10-15 18:15:27.627 - Can't parse numeric value [CREATE TABLE TBL_ORDER(
	ORDER_ID NUMBER CONSTRAINT PK_ORDER PRIMARY KEY,
	PRODUCT_ID NUMBER NOT NULL,
	PRODUCT_COUNT NUMBER DEFAULT 1,
	ORDER_DATE DATE DEFAULT SYSDATE,
	CONSTRAINT FK_ORDER_PRODUCT FOREIGN KEY(PRODUCT_ID)
	REFERENCES TBL_PRODUCT(PRODUCT_ID)
);
] using formatter: Character array is missing "e" notation exponential mark.
2023-10-15 18:15:27.632 - Can't parse numeric value [CREATE TABLE TBL_ORDER(
	ORDER_ID NUMBER CONSTRAINT PK_ORDER PRIMARY KEY,
	PRODUCT_ID NUMBER NOT NULL,
	PRODUCT_COUNT NUMBER DEFAULT 1,
	ORDER_DATE DATE DEFAULT SYSDATE,
	CONSTRAINT FK_ORDER_PRODUCT FOREIGN KEY(PRODUCT_ID)
	REFERENCES TBL_PRODUCT(PRODUCT_ID)
);
] using formatter: Character array is missing "e" notation exponential mark.
2023-10-15 18:52:38.994 - System suspend detected! Reinitialize all remote connections.
2023-10-15 19:58:01.218 - System suspend detected! Reinitialize all remote connections.
2023-10-15 21:28:45.731 - System suspend detected! Reinitialize all remote connections.
2023-10-16 02:33:55.337 - System suspend detected! Reinitialize all remote connections.
2023-10-16 10:38:39.684 - System suspend detected! Reinitialize all remote connections.
2023-10-16 10:51:01.764 - System suspend detected! Reinitialize all remote connections.
2023-10-16 11:01:36.408 - SQL Error [955] [42000]: ORA-00955: name is already used by an existing object

org.jkiss.dbeaver.model.sql.DBSQLException: SQL Error [955] [42000]: ORA-00955: name is already used by an existing object

	at org.jkiss.dbeaver.model.impl.jdbc.exec.JDBCStatementImpl.executeStatement(JDBCStatementImpl.java:133)
	at org.jkiss.dbeaver.ui.editors.sql.execute.SQLQueryJob.executeStatement(SQLQueryJob.java:582)
	at org.jkiss.dbeaver.ui.editors.sql.execute.SQLQueryJob.lambda$1(SQLQueryJob.java:491)
	at org.jkiss.dbeaver.model.exec.DBExecUtils.tryExecuteRecover(DBExecUtils.java:190)
	at org.jkiss.dbeaver.ui.editors.sql.execute.SQLQueryJob.executeSingleQuery(SQLQueryJob.java:498)
	at org.jkiss.dbeaver.ui.editors.sql.execute.SQLQueryJob.extractData(SQLQueryJob.java:934)
	at org.jkiss.dbeaver.ui.editors.sql.SQLEditor$QueryResultsContainer.readData(SQLEditor.java:3940)
	at org.jkiss.dbeaver.ui.controls.resultset.ResultSetJobDataRead.lambda$0(ResultSetJobDataRead.java:123)
	at org.jkiss.dbeaver.model.exec.DBExecUtils.tryExecuteRecover(DBExecUtils.java:190)
	at org.jkiss.dbeaver.ui.controls.resultset.ResultSetJobDataRead.run(ResultSetJobDataRead.java:121)
	at org.jkiss.dbeaver.ui.controls.resultset.ResultSetViewer$ResultSetDataPumpJob.run(ResultSetViewer.java:5142)
	at org.jkiss.dbeaver.model.runtime.AbstractJob.run(AbstractJob.java:105)
	at org.eclipse.core.internal.jobs.Worker.run(Worker.java:63)
Caused by: java.sql.SQLSyntaxErrorException: ORA-00955: name is already used by an existing object

	at oracle.jdbc.driver.T4CTTIoer.processError(T4CTTIoer.java:440)
	at oracle.jdbc.driver.T4CTTIoer.processError(T4CTTIoer.java:396)
	at oracle.jdbc.driver.T4C8Oall.processError(T4C8Oall.java:837)
	at oracle.jdbc.driver.T4CTTIfun.receive(T4CTTIfun.java:445)
	at oracle.jdbc.driver.T4CTTIfun.doRPC(T4CTTIfun.java:191)
	at oracle.jdbc.driver.T4C8Oall.doOALL(T4C8Oall.java:523)
	at oracle.jdbc.driver.T4CStatement.doOall8(T4CStatement.java:193)
	at oracle.jdbc.driver.T4CStatement.executeForRows(T4CStatement.java:999)
	at oracle.jdbc.driver.OracleStatement.doExecuteWithTimeout(OracleStatement.java:1315)
	at oracle.jdbc.driver.OracleStatement.executeInternal(OracleStatement.java:1890)
	at oracle.jdbc.driver.OracleStatement.execute(OracleStatement.java:1855)
	at oracle.jdbc.driver.OracleStatementWrapper.execute(OracleStatementWrapper.java:304)
	at org.jkiss.dbeaver.model.impl.jdbc.exec.JDBCStatementImpl.execute(JDBCStatementImpl.java:330)
	at org.jkiss.dbeaver.model.impl.jdbc.exec.JDBCStatementImpl.executeStatement(JDBCStatementImpl.java:131)
	... 12 more
2023-10-16 11:01:36.514 - Error binding callable statement parameters from metadata: 지원되지 않는 기능입니다
2023-10-16 11:01:36.514 - Error obtaining output parameters from metadata: 지원되지 않는 기능입니다
2023-10-16 11:01:36.514 - Can't obtain procedure metadata nor jdbc metadata
2023-10-16 11:01:56.700 - Execution context closed (localhost, 2)
2023-10-16 11:13:25.693 - Execution context opened (localhost; SQLEditor <mybatis.sql>; 6)
2023-10-16 11:16:26.665 - SQL Error: Internal jdbc driver error
org.jkiss.dbeaver.model.sql.DBSQLException: SQL Error: Internal jdbc driver error
	at org.jkiss.dbeaver.model.impl.jdbc.exec.JDBCStatementImpl.executeStatement(JDBCStatementImpl.java:133)
	at org.jkiss.dbeaver.ui.editors.sql.execute.SQLQueryJob.executeStatement(SQLQueryJob.java:582)
	at org.jkiss.dbeaver.ui.editors.sql.execute.SQLQueryJob.lambda$1(SQLQueryJob.java:491)
	at org.jkiss.dbeaver.model.exec.DBExecUtils.tryExecuteRecover(DBExecUtils.java:190)
	at org.jkiss.dbeaver.ui.editors.sql.execute.SQLQueryJob.executeSingleQuery(SQLQueryJob.java:498)
	at org.jkiss.dbeaver.ui.editors.sql.execute.SQLQueryJob.extractData(SQLQueryJob.java:934)
	at org.jkiss.dbeaver.ui.editors.sql.SQLEditor$QueryResultsContainer.readData(SQLEditor.java:3940)
	at org.jkiss.dbeaver.ui.controls.resultset.ResultSetJobDataRead.lambda$0(ResultSetJobDataRead.java:123)
	at org.jkiss.dbeaver.model.exec.DBExecUtils.tryExecuteRecover(DBExecUtils.java:190)
	at org.jkiss.dbeaver.ui.controls.resultset.ResultSetJobDataRead.run(ResultSetJobDataRead.java:121)
	at org.jkiss.dbeaver.ui.controls.resultset.ResultSetViewer$ResultSetDataPumpJob.run(ResultSetViewer.java:5142)
	at org.jkiss.dbeaver.model.runtime.AbstractJob.run(AbstractJob.java:105)
	at org.eclipse.core.internal.jobs.Worker.run(Worker.java:63)
Caused by: java.sql.SQLException: Internal jdbc driver error
	at org.jkiss.dbeaver.model.impl.jdbc.exec.JDBCStatementImpl.handleExecuteError(JDBCStatementImpl.java:295)
	at org.jkiss.dbeaver.model.impl.jdbc.exec.JDBCStatementImpl.execute(JDBCStatementImpl.java:332)
	at org.jkiss.dbeaver.model.impl.jdbc.exec.JDBCStatementImpl.executeStatement(JDBCStatementImpl.java:131)
	... 12 more
Caused by: java.lang.NullPointerException: Cannot read field "lastRowProcessed" because "this.definesAccessors[0]" is null
	at oracle.jdbc.driver.T4C8Oall.getNumRows(T4C8Oall.java:927)
	at oracle.jdbc.driver.T4CStatement.executeForRows(T4CStatement.java:1007)
	at oracle.jdbc.driver.OracleStatement.doExecuteWithTimeout(OracleStatement.java:1315)
	at oracle.jdbc.driver.OracleStatement.executeInternal(OracleStatement.java:1890)
	at oracle.jdbc.driver.OracleStatement.execute(OracleStatement.java:1855)
	at oracle.jdbc.driver.OracleStatementWrapper.execute(OracleStatementWrapper.java:304)
	at org.jkiss.dbeaver.model.impl.jdbc.exec.JDBCStatementImpl.execute(JDBCStatementImpl.java:330)
	... 13 more
2023-10-16 11:18:28.345 - Execution context closed (localhost, 6)
2023-10-16 11:18:28.382 - Execution context closed (localhost, 5)
2023-10-16 11:18:28.566 - DBeaver is stopping
2023-10-16 11:18:28.567 - Stop instance server
2023-10-16 11:18:29.568 - DBeaver shutdown completed
